Removed Member From Class: ClassName=ad9851 Member=C?
Change Component Designator: OldDesignator=C2 NewDesignator=C5
Change Component Designator: OldDesignator=C3 NewDesignator=C7
Change Component Designator: OldDesignator=C4 NewDesignator=C9
Change Component Designator: OldDesignator=C5 NewDesignator=C10
Change Component Designator: OldDesignator=C6 NewDesignator=C11
Change Component Designator: OldDesignator=C7 NewDesignator=C12
Change Component Designator: OldDesignator=C8 NewDesignator=C13
Change Component Designator: OldDesignator=C9 NewDesignator=C14
Change Component Designator: OldDesignator=C10 NewDesignator=C15
Change Component Designator: OldDesignator=C11 NewDesignator=C16
Change Component Designator: OldDesignator=C? NewDesignator=C2
Change Component Designator: OldDesignator=C? NewDesignator=C3
Change Component Designator: OldDesignator=C? NewDesignator=C4
Change Component Designator: OldDesignator=C? NewDesignator=C6
Change Component Designator: OldDesignator=C? NewDesignator=C8
Change Net Name : Old Net Name=NetC2_1 New Net Name=NetC4_1
Change Net Name : Old Net Name=NetC3_1 New Net Name=NetC6_1
Change Net Name : Old Net Name=NetC4_1 New Net Name=NetC8_1
Change Net Name : Old Net Name=NetC9_1 New Net Name=NetC3_1
Change Net Name : Old Net Name=NetC9_2 New Net Name=NetC14_2
Change Net Name : Old Net Name=NetC10_1 New Net Name=NetC15_1
Change Net Name : Old Net Name=NetC10_2 New Net Name=NetC15_2
Change Net Name : Old Net Name=NetC?_1 New Net Name=NetC2_1
Added Member To Class: ClassName=ad9851 Member=Component C12 06033C105KAT2A
Added Member To Class: ClassName=ad9851 Member=Component C13 GRM188C81C106MA73D
Added Member To Class: ClassName=ad9851 Member=Component C14 C0603X474J4RACTU
Added Member To Class: ClassName=ad9851 Member=Component C15 C0603X474J4RACTU
Added Member To Class: ClassName=ad9851 Member=Component C16 06033C105KAT2A
Added Room: Name=ad9851
