Added Component: Designator=C1(C0603)
Added Component: Designator=C2(C0603)
Added Component: Designator=C3(C0603)
Added Component: Designator=C4(C0603)
Added Component: Designator=C5(C0603)
Added Component: Designator=C6(C0603)
Added Component: Designator=C7(C0603)
Added Component: Designator=C8(C0603)
Added Component: Designator=C9(C0603)
Added Component: Designator=C10(C0603)
Added Component: Designator=C11(C0603)
Added Component: Designator=C?(C0603)
Added Component: Designator=C?(C0603)
Added Component: Designator=C?(C0603)
Added Component: Designator=C?(C0603)
Added Component: Designator=C?(C0603)
Added Component: Designator=FB1(SIMID 0805)
Added Component: Designator=FB2(SIMID 0805)
Added Component: Designator=FB3(SIMID 0805)
Added Component: Designator=FB4(SIMID 0805)
Added Component: Designator=FB5(SIMID 0805)
Added Component: Designator=J1(TSSOP28)
Added Component: Designator=P1(HEAD9-90)
Added Component: Designator=R1(RESC0603)
Added Component: Designator=R2(RESC0603)
Added Component: Designator=R3(RESC0603)
Added Component: Designator=R4(RESC2512)
Added Component: Designator=R5(RESC0603)
Added Component: Designator=R6(RESC0603)
Added Component: Designator=T1(Mini-Circuits_0_MFG)
Added Component: Designator=U1(SOT-223-4)
Added Component: Designator=U2(SOT-89-3)
Added Component: Designator=U3(SOIC8)
Added Component: Designator=Y1(OScilator)
Added Pin To Net: NetName=3V3 Pin=C7-2
Added Pin To Net: NetName=3V3 Pin=R5-2
Added Pin To Net: NetName=3V3 Pin=U1-2
Added Pin To Net: NetName=3V3 Pin=U1-4
Added Pin To Net: NetName=3V3 Pin=Y1-4
Added Net: Name=3V3
Added Pin To Net: NetName=5VCC Pin=C11-1
Added Pin To Net: NetName=5VCC Pin=J1-3
Added Pin To Net: NetName=5VCC Pin=J1-4
Added Pin To Net: NetName=5VCC Pin=J1-6
Added Pin To Net: NetName=5VCC Pin=J1-11
Added Pin To Net: NetName=5VCC Pin=J1-16
Added Pin To Net: NetName=5VCC Pin=J1-18
Added Pin To Net: NetName=5VCC Pin=J1-23
Added Pin To Net: NetName=5VCC Pin=R3-2
Added Pin To Net: NetName=5VCC Pin=U3-1
Added Net: Name=5VCC
Added Pin To Net: NetName=12V Pin=C5-2
Added Pin To Net: NetName=12V Pin=C6-1
Added Pin To Net: NetName=12V Pin=C8-1
Added Pin To Net: NetName=12V Pin=P1-11
Added Pin To Net: NetName=12V Pin=R4-2
Added Pin To Net: NetName=12V Pin=U1-3
Added Pin To Net: NetName=12V Pin=U3-8
Added Net: Name=12V
Added Pin To Net: NetName=GND Pin=C2-2
Added Pin To Net: NetName=GND Pin=C3-2
Added Pin To Net: NetName=GND Pin=C4-2
Added Pin To Net: NetName=GND Pin=C5-1
Added Pin To Net: NetName=GND Pin=C6-2
Added Pin To Net: NetName=GND Pin=C7-1
Added Pin To Net: NetName=GND Pin=C8-2
Added Pin To Net: NetName=GND Pin=C11-2
Added Pin To Net: NetName=GND Pin=C?-2
Added Pin To Net: NetName=GND Pin=C?-2
Added Pin To Net: NetName=GND Pin=C?-2
Added Pin To Net: NetName=GND Pin=C?-2
Added Pin To Net: NetName=GND Pin=C?-2
Added Pin To Net: NetName=GND Pin=J1-1
Added Pin To Net: NetName=GND Pin=J1-2
Added Pin To Net: NetName=GND Pin=J1-5
Added Pin To Net: NetName=GND Pin=J1-10
Added Pin To Net: NetName=GND Pin=J1-15
Added Pin To Net: NetName=GND Pin=J1-19
Added Pin To Net: NetName=GND Pin=J1-22
Added Pin To Net: NetName=GND Pin=J1-24
Added Pin To Net: NetName=GND Pin=J1-26
Added Pin To Net: NetName=GND Pin=J1-27
Added Pin To Net: NetName=GND Pin=J1-28
Added Pin To Net: NetName=GND Pin=P1-2
Added Pin To Net: NetName=GND Pin=P1-6
Added Pin To Net: NetName=GND Pin=P1-7
Added Pin To Net: NetName=GND Pin=P1-8
Added Pin To Net: NetName=GND Pin=P1-9
Added Pin To Net: NetName=GND Pin=P1-10
Added Pin To Net: NetName=GND Pin=P1-12
Added Pin To Net: NetName=GND Pin=P1-14
Added Pin To Net: NetName=GND Pin=P1-15
Added Pin To Net: NetName=GND Pin=P1-16
Added Pin To Net: NetName=GND Pin=P1-17
Added Pin To Net: NetName=GND Pin=P1-18
Added Pin To Net: NetName=GND Pin=R1-2
Added Pin To Net: NetName=GND Pin=R3-1
Added Pin To Net: NetName=GND Pin=R6-1
Added Pin To Net: NetName=GND Pin=T1-2
Added Pin To Net: NetName=GND Pin=T1-6
Added Pin To Net: NetName=GND Pin=U2-2
Added Pin To Net: NetName=GND Pin=U2-4
Added Pin To Net: NetName=GND Pin=U3-2
Added Pin To Net: NetName=GND Pin=U3-3
Added Pin To Net: NetName=GND Pin=U3-6
Added Pin To Net: NetName=GND Pin=U3-7
Added Pin To Net: NetName=GND Pin=Y1-2
Added Net: Name=GND
Added Pin To Net: NetName=NetC1_1 Pin=C1-1
Added Pin To Net: NetName=NetC1_1 Pin=Y1-3
Added Net: Name=NetC1_1
Added Pin To Net: NetName=NetC1_2 Pin=C1-2
Added Pin To Net: NetName=NetC1_2 Pin=J1-9
Added Pin To Net: NetName=NetC1_2 Pin=R2-2
Added Net: Name=NetC1_2
Added Pin To Net: NetName=NetC2_1 Pin=C2-1
Added Pin To Net: NetName=NetC2_1 Pin=C?-1
Added Pin To Net: NetName=NetC2_1 Pin=FB1-2
Added Pin To Net: NetName=NetC2_1 Pin=FB2-1
Added Net: Name=NetC2_1
Added Pin To Net: NetName=NetC3_1 Pin=C3-1
Added Pin To Net: NetName=NetC3_1 Pin=C?-1
Added Pin To Net: NetName=NetC3_1 Pin=FB2-2
Added Pin To Net: NetName=NetC3_1 Pin=FB3-1
Added Net: Name=NetC3_1
Added Pin To Net: NetName=NetC4_1 Pin=C4-1
Added Pin To Net: NetName=NetC4_1 Pin=C?-1
Added Pin To Net: NetName=NetC4_1 Pin=FB3-2
Added Pin To Net: NetName=NetC4_1 Pin=FB4-1
Added Net: Name=NetC4_1
Added Pin To Net: NetName=NetC9_1 Pin=C9-1
Added Pin To Net: NetName=NetC9_1 Pin=C?-1
Added Pin To Net: NetName=NetC9_1 Pin=FB4-2
Added Pin To Net: NetName=NetC9_1 Pin=R1-1
Added Net: Name=NetC9_1
Added Pin To Net: NetName=NetC9_2 Pin=C9-2
Added Pin To Net: NetName=NetC9_2 Pin=U2-1
Added Net: Name=NetC9_2
Added Pin To Net: NetName=NetC10_1 Pin=C10-1
Added Pin To Net: NetName=NetC10_1 Pin=FB5-1
Added Pin To Net: NetName=NetC10_1 Pin=U2-3
Added Net: Name=NetC10_1
Added Pin To Net: NetName=NetC10_2 Pin=C10-2
Added Pin To Net: NetName=NetC10_2 Pin=P1-13
Added Net: Name=NetC10_2
Added Pin To Net: NetName=NetC?_1 Pin=C?-1
Added Pin To Net: NetName=NetC?_1 Pin=FB1-1
Added Pin To Net: NetName=NetC?_1 Pin=T1-4
Added Net: Name=NetC?_1
Added Pin To Net: NetName=NetFB5_2 Pin=FB5-2
Added Pin To Net: NetName=NetFB5_2 Pin=R4-1
Added Net: Name=NetFB5_2
Added Pin To Net: NetName=NetJ1_7 Pin=J1-7
Added Pin To Net: NetName=NetJ1_7 Pin=P1-3
Added Net: Name=NetJ1_7
Added Pin To Net: NetName=NetJ1_8 Pin=J1-8
Added Pin To Net: NetName=NetJ1_8 Pin=P1-5
Added Net: Name=NetJ1_8
Added Pin To Net: NetName=NetJ1_20 Pin=J1-20
Added Pin To Net: NetName=NetJ1_20 Pin=T1-1
Added Net: Name=NetJ1_20
Added Pin To Net: NetName=NetJ1_21 Pin=J1-21
Added Pin To Net: NetName=NetJ1_21 Pin=T1-3
Added Net: Name=NetJ1_21
Added Pin To Net: NetName=NetJ1_25 Pin=J1-25
Added Pin To Net: NetName=NetJ1_25 Pin=P1-4
Added Net: Name=NetJ1_25
Added Pin To Net: NetName=NetP1_1 Pin=P1-1
Added Pin To Net: NetName=NetP1_1 Pin=R2-1
Added Net: Name=NetP1_1
Added Pin To Net: NetName=NetR5_1 Pin=R5-1
Added Pin To Net: NetName=NetR5_1 Pin=R6-2
Added Pin To Net: NetName=NetR5_1 Pin=U1-1
Added Net: Name=NetR5_1
Added Class: Name=ad9851
Added Room: Name=ad9851
