Removed Pin From Net: NetName=NetJ1_7 Pin=P1-3
Removed Pin From Net: NetName=NetJ1_25 Pin=P1-4
Removed Pin From Net: NetName=NetJ1_8 Pin=P1-5
Removed Pin From Net: NetName=GND Pin=P1-6
Removed Pin From Net: NetName=GND Pin=P1-8
Removed Pin From Net: NetName=12V Pin=P1-11
Removed Pin From Net: NetName=NetC10_2 Pin=P1-13
Removed Pin From Net: NetName=GND Pin=P1-14
Removed Pin From Net: NetName=GND Pin=P1-15
Removed Pin From Net: NetName=GND Pin=P1-16
Removed Pin From Net: NetName=GND Pin=P1-18
Added Pin To Net: NetName=GND Pin=P1-1
Added Pin To Net: NetName=GND Pin=P1-3
Added Pin To Net: NetName=GND Pin=P1-4
Added Pin To Net: NetName=GND Pin=P1-5
Added Pin To Net: NetName=NetC10_2 Pin=P1-6
Added Pin To Net: NetName=12V Pin=P1-8
Added Pin To Net: NetName=GND Pin=P1-11
Added Pin To Net: NetName=GND Pin=P1-13
Added Pin To Net: NetName=NetJ1_8 Pin=P1-14
Added Pin To Net: NetName=NetJ1_25 Pin=P1-15
Added Pin To Net: NetName=NetJ1_7 Pin=P1-16
Added Pin To Net: NetName=NetP1_18 Pin=P1-18
Added Pin To Net: NetName=NetP1_18 Pin=R2-1
Added Net: Name=NetP1_18
Added Room: Name=ad9851
