Replace Part C1 10nF, 10V in C:\Users\cruziv1\Documents\archivos altium\AD9851\ad9851.SchDoc with 10nF, 10V from AD9851.SchLib
Replace Part C2 18pF, 50V in C:\Users\cruziv1\Documents\archivos altium\AD9851\ad9851.SchDoc with 18pF, 50V from AD9851.SchLib
Replace Part C3 18pF, 50V in C:\Users\cruziv1\Documents\archivos altium\AD9851\ad9851.SchDoc with 18pF, 50V from AD9851.SchLib
Replace Part C4 82pF, 50V in C:\Users\cruziv1\Documents\archivos altium\AD9851\ad9851.SchDoc with 82pF, 50V from AD9851.SchLib
Replace Part C5 NBC in C:\Users\cruziv1\Documents\archivos altium\AD9851\ad9851.SchDoc with NBC from AD9851.SchLib
Replace Part C6 120pF, 50V in C:\Users\cruziv1\Documents\archivos altium\AD9851\ad9851.SchDoc with 120pF, 50V from AD9851.SchLib
Replace Part C7 NBC in C:\Users\cruziv1\Documents\archivos altium\AD9851\ad9851.SchDoc with NBC from AD9851.SchLib
Replace Part C8 82pF, 50V in C:\Users\cruziv1\Documents\archivos altium\AD9851\ad9851.SchDoc with 82pF, 50V from AD9851.SchLib
Replace Part C9 NBC in C:\Users\cruziv1\Documents\archivos altium\AD9851\ad9851.SchDoc with NBC from AD9851.SchLib
Replace Part C10 100nF, 16V in C:\Users\cruziv1\Documents\archivos altium\AD9851\ad9851.SchDoc with 100nF, 16V from AD9851.SchLib
Replace Part C11 10uF, 16V in C:\Users\cruziv1\Documents\archivos altium\AD9851\ad9851.SchDoc with 10uF, 16V from AD9851.SchLib
Replace Part C12 1uF, 25V in C:\Users\cruziv1\Documents\archivos altium\AD9851\ad9851.SchDoc with 1uF, 25V from AD9851.SchLib
Replace Part C13 10uF, 16V in C:\Users\cruziv1\Documents\archivos altium\AD9851\ad9851.SchDoc with 10uF, 16V from AD9851.SchLib
Replace Part C14 470nF, 16V in C:\Users\cruziv1\Documents\archivos altium\AD9851\ad9851.SchDoc with 470nF, 16V from AD9851.SchLib
Replace Part C15 470nF, 16V in C:\Users\cruziv1\Documents\archivos altium\AD9851\ad9851.SchDoc with 470nF, 16V from AD9851.SchLib
Replace Part C16 1uF, 25V in C:\Users\cruziv1\Documents\archivos altium\AD9851\ad9851.SchDoc with 1uF, 25V from AD9851.SchLib
Replace Part FB1 150nH in C:\Users\cruziv1\Documents\archivos altium\AD9851\ad9851.SchDoc with 150nH from AD9851.SchLib
Replace Part FB2 330nH in C:\Users\cruziv1\Documents\archivos altium\AD9851\ad9851.SchDoc with 330nH from AD9851.SchLib
Replace Part FB3 330nH in C:\Users\cruziv1\Documents\archivos altium\AD9851\ad9851.SchDoc with 330nH from AD9851.SchLib
Replace Part FB4 150nH in C:\Users\cruziv1\Documents\archivos altium\AD9851\ad9851.SchDoc with 150nH from AD9851.SchLib
Replace Part FB5 NBI in C:\Users\cruziv1\Documents\archivos altium\AD9851\ad9851.SchDoc with NBI from AD9851.SchLib
Replace Part J1 AD9851 in C:\Users\cruziv1\Documents\archivos altium\AD9851\ad9851.SchDoc with AD9851 from AD9851.SchLib
Replace Part P1 HEADER1X18 in C:\Users\cruziv1\Documents\archivos altium\AD9851\ad9851.SchDoc with HEADER1X18 from AD9851.SchLib
Replace Part R1 NB in C:\Users\cruziv1\Documents\archivos altium\AD9851\ad9851.SchDoc with NB from AD9851.SchLib
Replace Part R2 NB in C:\Users\cruziv1\Documents\archivos altium\AD9851\ad9851.SchDoc with NB from AD9851.SchLib
Replace Part R3 6K8, 100mW in C:\Users\cruziv1\Documents\archivos altium\AD9851\ad9851.SchDoc with 6K8, 100mW from AD9851.SchLib
Replace Part R4 120R0, 2W in C:\Users\cruziv1\Documents\archivos altium\AD9851\ad9851.SchDoc with 120R0, 2W from AD9851.SchLib
Replace Part R5 240R0, 100mW in C:\Users\cruziv1\Documents\archivos altium\AD9851\ad9851.SchDoc with 240R0, 100mW from AD9851.SchLib
Replace Part R6 390R0, 100mW in C:\Users\cruziv1\Documents\archivos altium\AD9851\ad9851.SchDoc with 390R0, 100mW from AD9851.SchLib
Replace Part T1 Transformer in C:\Users\cruziv1\Documents\archivos altium\AD9851\ad9851.SchDoc with Transformer from AD9851.SchLib
Replace Part U1 LM317EMP 3V3 in C:\Users\cruziv1\Documents\archivos altium\AD9851\ad9851.SchDoc with LM317EMP 3V3 from AD9851.SchLib
Replace Part U2 GALI-4+ in C:\Users\cruziv1\Documents\archivos altium\AD9851\ad9851.SchDoc with GALI-4+ from AD9851.SchLib
Replace Part U3 Voltage Regulator 5V in C:\Users\cruziv1\Documents\archivos altium\AD9851\ad9851.SchDoc with Voltage Regulator 5V from AD9851.SchLib
Replace Part Y1 OSCILATOR in C:\Users\cruziv1\Documents\archivos altium\AD9851\ad9851.SchDoc with OSCILATOR from AD9851.SchLib
